SF:lib\domain\usecase\search_movies.dart
DA:9,1
DA:11,1
DA:12,2
LF:3
LH:3
end_of_record
SF:lib\domain\usecase\search_tvseries.dart
DA:9,1
DA:11,1
DA:12,2
LF:3
LH:3
end_of_record
SF:lib\presentation\bloc\movie_search\movie_search_state.dart
DA:5,2
DA:7,1
DA:8,1
DA:18,2
DA:20,1
DA:21,2
DA:27,1
DA:29,1
DA:30,2
LF:9
LH:9
end_of_record
SF:lib\presentation\bloc\movie_search\movie_search_bloc.dart
DA:11,1
DA:12,3
DA:17,3
DA:18,1
DA:19,1
DA:20,1
DA:22,2
DA:24,3
DA:26,1
DA:27,1
DA:28,3
DA:30,1
DA:31,2
DA:35,1
LF:14
LH:14
end_of_record
SF:lib\presentation\bloc\movie_search\movie_search_event.dart
DA:5,1
DA:7,0
DA:8,0
DA:14,1
DA:16,0
DA:17,0
LF:6
LH:2
end_of_record
SF:lib\presentation\bloc\tvseries_search\tvseries_search_state.dart
DA:5,2
DA:7,1
DA:8,1
DA:18,2
DA:20,1
DA:21,2
DA:27,2
DA:29,1
DA:30,2
LF:9
LH:9
end_of_record
SF:lib\presentation\bloc\tvseries_search\tvseries_search_bloc.dart
DA:11,1
DA:12,3
DA:18,3
DA:19,1
DA:20,1
DA:21,1
DA:23,2
DA:25,3
DA:27,1
DA:28,1
DA:29,3
DA:31,1
DA:32,2
DA:36,1
LF:14
LH:14
end_of_record
SF:lib\presentation\bloc\tvseries_search\tvseries_search_event.dart
DA:5,1
DA:7,0
DA:8,0
DA:14,1
DA:16,1
DA:17,2
LF:6
LH:4
end_of_record
