SF:lib\domain\entities\tv_series\tvseries.dart
DA:5,6
DA:19,0
DA:38,4
DA:39,4
DA:40,4
DA:41,4
DA:42,4
DA:43,4
DA:44,4
DA:45,4
DA:46,4
DA:47,4
DA:48,4
DA:49,4
DA:50,4
LF:15
LH:14
end_of_record
SF:lib\domain\usecase\get_now_playing_tvseries.dart
DA:9,1
DA:11,1
DA:12,2
LF:3
LH:3
end_of_record
SF:lib\domain\entities\tv_series\tvseries_detail.dart
DA:6,3
DA:30,1
DA:31,1
DA:32,1
DA:33,1
DA:34,1
DA:35,1
DA:36,1
DA:37,1
DA:38,1
DA:39,1
DA:40,1
DA:41,1
LF:13
LH:13
end_of_record
SF:lib\domain\usecase\get_popular_tvseries.dart
DA:9,1
DA:11,1
DA:12,2
LF:3
LH:3
end_of_record
SF:lib\domain\usecase\get_top_rated_tvseries.dart
DA:9,1
DA:11,1
DA:12,2
LF:3
LH:3
end_of_record
SF:lib\domain\usecase\get_tvseries_detail.dart
DA:9,1
DA:11,1
DA:12,2
LF:3
LH:3
end_of_record
SF:lib\domain\usecase\get_tvseries_recommendations.dart
DA:9,1
DA:11,1
DA:12,2
LF:3
LH:3
end_of_record
SF:lib\presentation\bloc\on_the_air_tvseries\on_the_air_tvseries_bloc.dart
DA:13,1
DA:14,2
DA:15,2
DA:16,2
DA:18,3
DA:20,2
DA:21,3
DA:22,1
DA:23,1
DA:24,2
DA:25,2
LF:11
LH:11
end_of_record
SF:lib\presentation\bloc\on_the_air_tvseries\on_the_air_tvseries_event.dart
DA:7,1
DA:8,1
LF:2
LH:2
end_of_record
SF:lib\presentation\bloc\on_the_air_tvseries\on_the_air_tvseries_state.dart
DA:7,1
DA:8,1
DA:12,1
DA:13,1
DA:18,2
DA:20,1
DA:21,2
DA:26,2
DA:28,1
DA:29,2
LF:10
LH:10
end_of_record
SF:lib\presentation\bloc\popular_tvseries\popular_tvseries_bloc.dart
DA:13,1
DA:14,2
DA:15,2
DA:16,2
DA:18,3
DA:20,1
DA:21,4
DA:22,2
DA:23,2
DA:24,2
LF:10
LH:10
end_of_record
SF:lib\presentation\bloc\popular_tvseries\popular_tvseries_event.dart
DA:7,0
DA:8,0
LF:2
LH:0
end_of_record
SF:lib\presentation\bloc\popular_tvseries\popular_tvseries_state.dart
DA:7,1
DA:8,1
DA:12,1
DA:13,1
DA:18,3
DA:19,1
DA:20,2
DA:25,2
DA:26,1
DA:27,2
LF:10
LH:10
end_of_record
SF:lib\presentation\bloc\top_rated_tvseries\top_rated_tvseries_state.dart
DA:7,1
DA:8,1
DA:12,1
DA:13,1
DA:18,3
DA:19,1
DA:20,2
DA:25,2
DA:27,1
DA:28,2
LF:10
LH:10
end_of_record
SF:lib\presentation\bloc\top_rated_tvseries\top_rated_tvseries_bloc.dart
DA:13,1
DA:14,2
DA:15,2
DA:16,2
DA:17,3
DA:19,1
DA:20,4
DA:21,2
DA:22,2
DA:23,2
LF:10
LH:10
end_of_record
SF:lib\presentation\bloc\top_rated_tvseries\top_rated_tvseries_event.dart
DA:7,0
DA:8,0
LF:2
LH:0
end_of_record
SF:lib\presentation\bloc\detail_tvseries\tvseries_detail_bloc.dart
DA:13,3
DA:14,2
DA:15,1
DA:17,2
DA:19,3
DA:21,5
DA:22,3
LF:7
LH:7
end_of_record
SF:lib\presentation\bloc\detail_tvseries\tvseries_detail_state.dart
DA:7,1
DA:8,1
DA:12,1
DA:13,1
DA:19,1
DA:20,1
DA:21,2
DA:27,2
DA:28,1
DA:29,2
LF:10
LH:10
end_of_record
SF:lib\presentation\bloc\detail_tvseries\tvseries_detail_event.dart
DA:9,2
DA:10,1
DA:11,2
LF:3
LH:3
end_of_record
SF:lib\presentation\bloc\tvseries_recommendations\tvseries_recommendations_event.dart
DA:9,2
DA:11,0
DA:12,0
LF:3
LH:1
end_of_record
SF:lib\presentation\bloc\tvseries_recommendations\tvseries_recommendations_state.dart
DA:7,1
DA:8,1
DA:12,1
DA:13,1
DA:18,1
DA:19,1
DA:20,2
DA:25,2
DA:26,1
DA:27,2
LF:10
LH:10
end_of_record
SF:lib\presentation\bloc\tvseries_recommendations\tvseries_recommendations_bloc.dart
DA:13,1
DA:14,2
DA:15,2
DA:16,1
DA:18,2
DA:20,3
DA:22,1
DA:23,4
DA:24,2
DA:25,2
DA:26,2
LF:11
LH:11
end_of_record
SF:lib\presentation\pages\home_tvseries_page.dart
DA:16,1
DA:17,1
DA:18,1
DA:22,1
DA:24,1
DA:25,2
DA:26,4
DA:27,4
DA:28,4
DA:32,1
DA:34,1
DA:35,1
DA:37,1
DA:38,1
DA:40,1
DA:41,1
DA:43,1
DA:45,1
DA:46,1
DA:47,1
DA:51,1
DA:52,1
DA:53,1
DA:54,1
DA:60,1
DA:63,1
DA:65,0
DA:68,1
DA:69,1
DA:70,1
DA:74,1
DA:75,1
DA:76,1
DA:77,1
DA:83,1
DA:86,1
DA:88,0
DA:91,1
DA:92,1
DA:93,1
DA:97,1
DA:98,1
DA:99,1
DA:100,1
DA:106,1
DA:116,1
DA:117,1
DA:119,1
DA:120,1
DA:122,1
DA:124,1
DA:126,1
DA:128,1
DA:141,2
DA:143,1
DA:145,1
DA:147,1
DA:149,1
DA:150,2
DA:151,1
DA:153,1
DA:154,0
DA:155,0
DA:158,0
DA:161,1
DA:163,1
DA:164,2
DA:165,1
DA:168,0
DA:174,2
LF:70
LH:64
end_of_record
SF:lib\presentation\pages\popular_tvseries_page.dart
DA:9,1
DA:11,1
DA:12,1
DA:16,1
DA:18,1
DA:19,2
DA:20,4
DA:23,1
DA:25,1
DA:26,1
DA:29,1
DA:31,1
DA:32,1
DA:33,1
DA:37,1
DA:38,0
DA:39,0
DA:40,0
DA:41,0
DA:42,0
DA:44,0
DA:47,1
DA:49,2
LF:23
LH:17
end_of_record
SF:lib\presentation\pages\top_rated_tvseries_page.dart
DA:9,1
DA:11,1
DA:12,1
DA:16,1
DA:18,1
DA:19,2
DA:20,4
DA:23,1
DA:25,1
DA:26,1
DA:29,1
DA:31,1
DA:32,1
DA:33,1
DA:37,1
DA:38,0
DA:39,0
DA:40,0
DA:41,0
DA:42,0
DA:44,0
DA:47,1
DA:49,2
LF:23
LH:17
end_of_record
SF:lib\presentation\pages\tvseries_detail_page.dart
DA:16,1
DA:18,1
DA:19,1
DA:23,1
DA:25,1
DA:26,2
DA:27,6
DA:28,1
DA:29,1
DA:30,4
DA:31,1
DA:32,1
DA:33,4
DA:37,1
DA:40,2
DA:41,2
DA:42,2
DA:47,1
DA:49,1
DA:50,1
DA:51,1
DA:55,1
DA:56,1
DA:57,1
DA:58,1
DA:77,1
DA:78,1
DA:80,1
DA:81,1
DA:85,1
DA:87,3
DA:88,1
DA:89,1
DA:90,1
DA:92,4
DA:94,1
DA:97,0
DA:99,1
DA:101,1
DA:102,1
DA:103,1
DA:115,1
DA:116,1
DA:117,1
DA:119,1
DA:121,1
DA:123,1
DA:124,1
DA:125,3
DA:126,1
DA:128,1
DA:129,0
DA:130,0
DA:131,0
DA:132,0
DA:134,0
DA:135,0
DA:136,0
DA:146,0
DA:148,0
DA:150,0
DA:151,0
DA:152,0
DA:156,0
DA:160,0
DA:161,0
DA:162,0
DA:163,0
DA:164,0
DA:169,0
DA:171,0
DA:172,0
DA:173,0
DA:177,0
DA:178,0
DA:179,0
DA:182,1
DA:184,1
DA:185,2
DA:192,1
DA:193,4
DA:196,1
DA:197,1
DA:198,1
DA:199,4
DA:201,1
DA:207,5
DA:211,1
DA:213,1
DA:215,1
DA:216,3
DA:219,1
DA:221,1
DA:223,1
DA:225,1
DA:226,1
DA:231,1
DA:232,0
DA:234,1
DA:235,1
DA:236,1
DA:238,1
DA:240,1
DA:241,1
DA:242,1
DA:244,1
DA:245,0
DA:246,0
DA:249,0
DA:252,1
DA:257,1
DA:259,2
DA:260,1
DA:266,0
DA:273,1
DA:277,0
DA:285,0
DA:293,1
DA:295,1
DA:310,1
DA:312,1
DA:315,1
DA:317,0
DA:318,0
LF:124
LH:89
end_of_record
