SF:lib\domain\usecase\movies\get_watchlist_movies.dart
DA:9,1
DA:11,1
DA:12,2
LF:3
LH:3
end_of_record
SF:lib\domain\usecase\movies\get_watchlist_status.dart
DA:6,1
DA:8,1
DA:9,2
LF:3
LH:3
end_of_record
SF:lib\domain\usecase\tvseries\get_watchlist_tvseries_status.dart
DA:6,1
DA:8,1
DA:9,2
LF:3
LH:3
end_of_record
SF:lib\domain\usecase\tvseries\get_watchlist_tvseries.dart
DA:9,1
DA:11,1
DA:12,2
LF:3
LH:3
end_of_record
SF:lib\domain\usecase\movies\remove_watchlist.dart
DA:9,1
DA:11,1
DA:12,2
LF:3
LH:3
end_of_record
SF:lib\domain\usecase\tvseries\remove_tvseries_watchlist.dart
DA:9,1
DA:11,1
DA:12,2
LF:3
LH:3
end_of_record
SF:lib\domain\usecase\movies\save_watchlist.dart
DA:9,1
DA:11,1
DA:12,2
LF:3
LH:3
end_of_record
SF:lib\domain\usecase\tvseries\save_tvseries_watchlist.dart
DA:9,1
DA:11,1
DA:12,2
LF:3
LH:3
end_of_record
SF:lib\presentation\bloc\watchlist_movies\watchlist_movies_bloc.dart
DA:20,1
DA:25,2
DA:26,2
DA:27,2
DA:28,3
DA:30,1
DA:31,4
DA:32,2
DA:33,2
DA:34,1
DA:35,1
DA:39,2
DA:40,1
DA:42,3
DA:44,2
DA:47,1
DA:48,1
DA:49,1
DA:51,3
DA:53,1
DA:54,4
DA:55,2
DA:56,1
DA:62,1
DA:63,1
DA:64,1
DA:66,3
DA:68,1
DA:69,4
DA:70,2
DA:71,1
LF:31
LH:31
end_of_record
SF:lib\presentation\bloc\watchlist_movies\watchlist_movies_state.dart
DA:7,1
DA:8,1
DA:12,1
DA:13,1
DA:18,2
DA:19,1
DA:20,2
DA:25,1
DA:26,1
DA:27,2
DA:32,1
DA:33,1
DA:34,2
DA:40,1
DA:41,1
DA:42,2
LF:16
LH:16
end_of_record
SF:lib\presentation\bloc\watchlist_movies\watchlist_movies_event.dart
DA:7,1
DA:8,1
DA:13,1
DA:14,1
DA:15,2
DA:20,1
DA:21,1
DA:22,2
DA:27,1
DA:28,1
DA:29,2
LF:11
LH:11
end_of_record
SF:lib\presentation\bloc\watchlist_tvseries\watchlist_tvseries_bloc.dart
DA:20,1
DA:25,2
DA:26,2
DA:27,2
DA:28,3
DA:29,1
DA:30,4
DA:31,2
DA:32,2
DA:33,2
DA:37,2
DA:38,1
DA:40,3
DA:42,2
DA:45,1
DA:46,1
DA:47,1
DA:49,3
DA:51,1
DA:52,4
DA:53,2
DA:54,1
DA:60,1
DA:61,1
DA:62,1
DA:64,3
DA:66,1
DA:67,4
DA:68,2
DA:69,1
LF:30
LH:30
end_of_record
SF:lib\presentation\bloc\watchlist_tvseries\watchlist_tvseries_event.dart
DA:7,1
DA:8,1
DA:13,1
DA:14,1
DA:15,2
DA:20,1
DA:21,1
DA:22,2
DA:27,1
DA:28,1
DA:29,2
LF:11
LH:11
end_of_record
SF:lib\presentation\bloc\watchlist_tvseries\watchlist_tvseries_state.dart
DA:7,1
DA:8,1
DA:12,1
DA:13,1
DA:18,2
DA:19,1
DA:20,2
DA:25,1
DA:26,1
DA:27,2
DA:32,1
DA:33,1
DA:34,2
DA:40,1
DA:41,1
DA:42,2
LF:16
LH:16
end_of_record
SF:lib\presentation\pages\watchlist_movies_page.dart
DA:11,3
DA:13,1
DA:14,1
DA:19,1
DA:21,1
DA:22,2
DA:23,4
DA:26,1
DA:28,1
DA:29,4
DA:32,0
DA:34,0
DA:37,1
DA:39,1
DA:41,1
DA:42,1
DA:43,1
DA:47,1
DA:48,0
DA:49,0
DA:50,0
DA:51,0
DA:52,0
DA:54,0
DA:56,1
DA:57,0
DA:58,0
DA:60,0
DA:65,0
DA:66,0
DA:67,0
DA:84,1
DA:86,2
DA:87,1
LF:34
LH:20
end_of_record
SF:lib\presentation\pages\watchlist_tvseries_page.dart
DA:11,3
DA:13,1
DA:14,1
DA:19,1
DA:21,1
DA:22,2
DA:23,4
DA:26,1
DA:28,1
DA:29,4
DA:32,0
DA:34,0
DA:37,1
DA:39,1
DA:41,1
DA:42,1
DA:43,1
DA:47,1
DA:48,0
DA:49,0
DA:50,0
DA:51,0
DA:52,0
DA:54,0
DA:56,1
DA:57,0
DA:58,0
DA:60,0
DA:65,0
DA:66,0
DA:68,0
DA:86,1
DA:88,2
DA:89,1
LF:34
LH:20
end_of_record
